[debug] [2024-04-04T12:08:35.807Z] ----------------------------------------------------------------------
[debug] [2024-04-04T12:08:35.809Z] Command:       /Users/gautamvhavle/.nvm/versions/node/v21.6.2/bin/node /usr/local/bin/firebase init
[debug] [2024-04-04T12:08:35.810Z] CLI Version:   12.5.4
[debug] [2024-04-04T12:08:35.810Z] Platform:      darwin
[debug] [2024-04-04T12:08:35.810Z] Node Version:  v21.6.2
[debug] [2024-04-04T12:08:35.810Z] Time:          Thu Apr 04 2024 17:38:35 GMT+0530 (India Standard Time)
[debug] [2024-04-04T12:08:35.810Z] ----------------------------------------------------------------------
[debug] 
[debug] [2024-04-04T12:08:35.814Z] > command requires scopes: ["email","openid","https://www.googleapis.com/auth/cloudplatformprojects.readonly","https://www.googleapis.com/auth/firebase","https://www.googleapis.com/auth/cloud-platform"]
[debug] [2024-04-04T12:08:35.814Z] > authorizing via signed-in user (gautamvhavle@gmail.com)
[info] 
     ######## #### ########  ######## ########     ###     ######  ########
     ##        ##  ##     ## ##       ##     ##  ##   ##  ##       ##
     ######    ##  ########  ######   ########  #########  ######  ######
     ##        ##  ##    ##  ##       ##     ## ##     ##       ## ##
     ##       #### ##     ## ######## ########  ##     ##  ######  ########

You're about to initialize a Firebase project in this directory:

  /Users/gautamvhavle/Files/KYRA-AI/frontend

[info] 
=== Project Setup
[info] 
[info] First, let's associate this project directory with a Firebase project.
[info] You can create multiple project aliases by running firebase use --add, 
[info] but for now we'll just set up a default project.
[info] 
[debug] [2024-04-04T12:09:52.836Z] >>> [apiv2][query] GET https://firebase.googleapis.com/v1beta1/projects pageSize=100
[debug] [2024-04-04T12:09:54.030Z] <<< [apiv2][status] GET https://firebase.googleapis.com/v1beta1/projects 200
[debug] [2024-04-04T12:09:54.030Z] <<< [apiv2][body] GET https://firebase.googleapis.com/v1beta1/projects [omitted]
[info] i  Using project kyra-ai (kyra-ai) 
[info] 
=== Hosting Setup
[info] 
[info] Your public directory is the folder (relative to your project directory) that
[info] will contain Hosting assets to be uploaded with firebase deploy. If you
[info] have a build process for your assets, use your build's output directory.
[info] 
